2022-08-16T04:16:25+00:00 CRITICAL Uncaught TypeError: Unsupported operand types: string * int in D:\Wampserver\www\catalogo\wp-content\plugins\woocommerce\includes\class-wc-cart.php:2032
Stack trace:
#0 D:\Wampserver\www\catalogo\wp-content\plugins\yith-woocommerce-request-a-quote\templates\request-quote-view.php(156): WC_Cart->get_product_subtotal(Object(WC_Product_Simple), 1)
#1 D:\Wampserver\www\catalogo\wp-content\plugins\woocommerce\includes\wc-core-functions.php(345): include('D:\\Wampserver\\w...')
#2 D:\Wampserver\www\catalogo\wp-content\plugins\yith-woocommerce-request-a-quote\templates\request-quote.php(26): wc_get_template('request-quote-v...', Array, '', 'D:\\Wampserver\\w...')
#3 D:\Wampserver\www\catalogo\wp-content\plugins\woocommerce\includes\wc-core-functions.php(345): include('D:\\Wampserver\\w...')
#4 D:\Wampserver\www\catalogo\wp-content\plugins\yith-woocommerce-request-a-quote\includes\class.yith-ywraq-shortcodes.php(46): wc_get_template('request-quote.p...', Array, '', 'D:\\Wampserver\\w...')
#5 D:\Wampserver\www\catalogo\wp-includes\shortcodes.php(356): YITH_YWRAQ_Shortcodes->request_quote_list('', '', 'yith_ywraq_requ...')
#6 [internal function]: do_shortcode_tag(Array)
#7 D:\Wampserver\www\catalogo\wp-includes\shortcodes.php(228): preg_replace_callback('/\\[(\\[?)(yith_y...', 'do_shortcode_ta...', '[yith_ywraq_req...')
#8 D:\Wampserver\www\catalogo\wp-includes\class-wp-hook.php(307): do_shortcode('[yith_ywraq_req...')
#9 D:\Wampserver\www\catalogo\wp-includes\plugin.php(191): WP_Hook->apply_filters('[yith_ywraq_req...', Array)
#10 D:\Wampserver\www\catalogo\wp-includes\post-template.php(253): apply_filters('the_content', '[yith_ywraq_req...')
#11 D:\Wampserver\www\catalogo\wp-content\themes\storefront\inc\storefront-template-functions.php(352): the_content()
#12 D:\Wampserver\www\catalogo\wp-includes\class-wp-hook.php(307): storefront_page_content('')
#13 D:\Wampserver\www\catalogo\wp-includes\class-wp-hook.php(331): WP_Hook->apply_filters(NULL, Array)
#14 D:\Wampserver\www\catalogo\wp-includes\plugin.php(476): WP_Hook->do_action(Array)
#15 D:\Wampserver\www\catalogo\wp-content\themes\storefront\content-page.php(18): do_action('storefront_page')
#16 D:\Wampserver\www\catalogo\wp-includes\template.php(772): require('D:\\Wampserver\\w...')
#17 D:\Wampserver\www\catalogo\wp-includes\template.php(716): load_template('D:\\Wampserver\\w...', false, Array)
#18 D:\Wampserver\www\catalogo\wp-includes\general-template.php(204): locate_template(Array, true, false, Array)
#19 D:\Wampserver\www\catalogo\wp-content\themes\storefront\page.php(24): get_template_part('content', 'page')
#20 D:\Wampserver\www\catalogo\wp-includes\template-loader.php(106): include('D:\\Wampserver\\w...')
#21 D:\Wampserver\www\catalogo\wp-blog-header.php(19): require_once('D:\\Wampserver\\w...')
#22 D:\Wampserver\www\catalogo\index.php(17): require('D:\\Wampserver\\w...')
#23 {main}
  thrown en D:\Wampserver\www\catalogo\wp-content\plugins\woocommerce\includes\class-wc-cart.php en la línea 2032

2022-08-16T04:25:00+00:00 CRITICAL Uncaught TypeError: Unsupported operand types: string * int in D:\Wampserver\www\catalogo\wp-content\plugins\woocommerce\includes\class-wc-cart.php:2032
Stack trace:
#0 D:\Wampserver\www\catalogo\wp-content\plugins\yith-woocommerce-request-a-quote\templates\request-quote-view.php(156): WC_Cart->get_product_subtotal(Object(WC_Product_Simple), 1)
#1 D:\Wampserver\www\catalogo\wp-content\plugins\woocommerce\includes\wc-core-functions.php(345): include('D:\\Wampserver\\w...')
#2 D:\Wampserver\www\catalogo\wp-content\plugins\yith-woocommerce-request-a-quote\templates\request-quote.php(26): wc_get_template('request-quote-v...', Array, '', 'D:\\Wampserver\\w...')
#3 D:\Wampserver\www\catalogo\wp-content\plugins\woocommerce\includes\wc-core-functions.php(345): include('D:\\Wampserver\\w...')
#4 D:\Wampserver\www\catalogo\wp-content\plugins\yith-woocommerce-request-a-quote\includes\class.yith-ywraq-shortcodes.php(46): wc_get_template('request-quote.p...', Array, '', 'D:\\Wampserver\\w...')
#5 D:\Wampserver\www\catalogo\wp-includes\shortcodes.php(356): YITH_YWRAQ_Shortcodes->request_quote_list('', '', 'yith_ywraq_requ...')
#6 [internal function]: do_shortcode_tag(Array)
#7 D:\Wampserver\www\catalogo\wp-includes\shortcodes.php(228): preg_replace_callback('/\\[(\\[?)(yith_y...', 'do_shortcode_ta...', '[yith_ywraq_req...')
#8 D:\Wampserver\www\catalogo\wp-includes\class-wp-hook.php(307): do_shortcode('[yith_ywraq_req...')
#9 D:\Wampserver\www\catalogo\wp-includes\plugin.php(191): WP_Hook->apply_filters('[yith_ywraq_req...', Array)
#10 D:\Wampserver\www\catalogo\wp-includes\post-template.php(253): apply_filters('the_content', '[yith_ywraq_req...')
#11 D:\Wampserver\www\catalogo\wp-content\themes\storefront\inc\storefront-template-functions.php(352): the_content()
#12 D:\Wampserver\www\catalogo\wp-includes\class-wp-hook.php(307): storefront_page_content('')
#13 D:\Wampserver\www\catalogo\wp-includes\class-wp-hook.php(331): WP_Hook->apply_filters(NULL, Array)
#14 D:\Wampserver\www\catalogo\wp-includes\plugin.php(476): WP_Hook->do_action(Array)
#15 D:\Wampserver\www\catalogo\wp-content\themes\storefront\content-page.php(18): do_action('storefront_page')
#16 D:\Wampserver\www\catalogo\wp-includes\template.php(772): require('D:\\Wampserver\\w...')
#17 D:\Wampserver\www\catalogo\wp-includes\template.php(716): load_template('D:\\Wampserver\\w...', false, Array)
#18 D:\Wampserver\www\catalogo\wp-includes\general-template.php(204): locate_template(Array, true, false, Array)
#19 D:\Wampserver\www\catalogo\wp-content\themes\storefront\page.php(24): get_template_part('content', 'page')
#20 D:\Wampserver\www\catalogo\wp-includes\template-loader.php(106): include('D:\\Wampserver\\w...')
#21 D:\Wampserver\www\catalogo\wp-blog-header.php(19): require_once('D:\\Wampserver\\w...')
#22 D:\Wampserver\www\catalogo\index.php(17): require('D:\\Wampserver\\w...')
#23 {main}
  thrown en D:\Wampserver\www\catalogo\wp-content\plugins\woocommerce\includes\class-wc-cart.php en la línea 2032

2022-08-16T04:26:56+00:00 CRITICAL Uncaught TypeError: Unsupported operand types: string * int in D:\Wampserver\www\catalogo\wp-content\plugins\woocommerce\includes\class-wc-cart.php:2032
Stack trace:
#0 D:\Wampserver\www\catalogo\wp-content\plugins\yith-woocommerce-request-a-quote\templates\request-quote-view.php(156): WC_Cart->get_product_subtotal(Object(WC_Product_Simple), 1)
#1 D:\Wampserver\www\catalogo\wp-content\plugins\woocommerce\includes\wc-core-functions.php(345): include('D:\\Wampserver\\w...')
#2 D:\Wampserver\www\catalogo\wp-content\plugins\yith-woocommerce-request-a-quote\templates\request-quote.php(26): wc_get_template('request-quote-v...', Array, '', 'D:\\Wampserver\\w...')
#3 D:\Wampserver\www\catalogo\wp-content\plugins\woocommerce\includes\wc-core-functions.php(345): include('D:\\Wampserver\\w...')
#4 D:\Wampserver\www\catalogo\wp-content\plugins\yith-woocommerce-request-a-quote\includes\class.yith-ywraq-shortcodes.php(46): wc_get_template('request-quote.p...', Array, '', 'D:\\Wampserver\\w...')
#5 D:\Wampserver\www\catalogo\wp-includes\shortcodes.php(356): YITH_YWRAQ_Shortcodes->request_quote_list('', '', 'yith_ywraq_requ...')
#6 [internal function]: do_shortcode_tag(Array)
#7 D:\Wampserver\www\catalogo\wp-includes\shortcodes.php(228): preg_replace_callback('/\\[(\\[?)(yith_y...', 'do_shortcode_ta...', '[yith_ywraq_req...')
#8 D:\Wampserver\www\catalogo\wp-includes\class-wp-hook.php(307): do_shortcode('[yith_ywraq_req...')
#9 D:\Wampserver\www\catalogo\wp-includes\plugin.php(191): WP_Hook->apply_filters('[yith_ywraq_req...', Array)
#10 D:\Wampserver\www\catalogo\wp-includes\post-template.php(253): apply_filters('the_content', '[yith_ywraq_req...')
#11 D:\Wampserver\www\catalogo\wp-content\themes\storefront\inc\storefront-template-functions.php(352): the_content()
#12 D:\Wampserver\www\catalogo\wp-includes\class-wp-hook.php(307): storefront_page_content('')
#13 D:\Wampserver\www\catalogo\wp-includes\class-wp-hook.php(331): WP_Hook->apply_filters(NULL, Array)
#14 D:\Wampserver\www\catalogo\wp-includes\plugin.php(476): WP_Hook->do_action(Array)
#15 D:\Wampserver\www\catalogo\wp-content\themes\storefront\content-page.php(18): do_action('storefront_page')
#16 D:\Wampserver\www\catalogo\wp-includes\template.php(772): require('D:\\Wampserver\\w...')
#17 D:\Wampserver\www\catalogo\wp-includes\template.php(716): load_template('D:\\Wampserver\\w...', false, Array)
#18 D:\Wampserver\www\catalogo\wp-includes\general-template.php(204): locate_template(Array, true, false, Array)
#19 D:\Wampserver\www\catalogo\wp-content\themes\storefront\page.php(24): get_template_part('content', 'page')
#20 D:\Wampserver\www\catalogo\wp-includes\template-loader.php(106): include('D:\\Wampserver\\w...')
#21 D:\Wampserver\www\catalogo\wp-blog-header.php(19): require_once('D:\\Wampserver\\w...')
#22 D:\Wampserver\www\catalogo\index.php(17): require('D:\\Wampserver\\w...')
#23 {main}
  thrown en D:\Wampserver\www\catalogo\wp-content\plugins\woocommerce\includes\class-wc-cart.php en la línea 2032

2022-08-16T04:28:06+00:00 CRITICAL Uncaught TypeError: Unsupported operand types: string * int in D:\Wampserver\www\catalogo\wp-content\plugins\woocommerce\includes\class-wc-cart.php:2032
Stack trace:
#0 D:\Wampserver\www\catalogo\wp-content\plugins\yith-woocommerce-request-a-quote\templates\request-quote-view.php(156): WC_Cart->get_product_subtotal(Object(WC_Product_Simple), 1)
#1 D:\Wampserver\www\catalogo\wp-content\plugins\woocommerce\includes\wc-core-functions.php(345): include('D:\\Wampserver\\w...')
#2 D:\Wampserver\www\catalogo\wp-content\plugins\yith-woocommerce-request-a-quote\templates\request-quote.php(26): wc_get_template('request-quote-v...', Array, '', 'D:\\Wampserver\\w...')
#3 D:\Wampserver\www\catalogo\wp-content\plugins\woocommerce\includes\wc-core-functions.php(345): include('D:\\Wampserver\\w...')
#4 D:\Wampserver\www\catalogo\wp-content\plugins\yith-woocommerce-request-a-quote\includes\class.yith-ywraq-shortcodes.php(46): wc_get_template('request-quote.p...', Array, '', 'D:\\Wampserver\\w...')
#5 D:\Wampserver\www\catalogo\wp-includes\shortcodes.php(356): YITH_YWRAQ_Shortcodes->request_quote_list('', '', 'yith_ywraq_requ...')
#6 [internal function]: do_shortcode_tag(Array)
#7 D:\Wampserver\www\catalogo\wp-includes\shortcodes.php(228): preg_replace_callback('/\\[(\\[?)(yith_y...', 'do_shortcode_ta...', '[yith_ywraq_req...')
#8 D:\Wampserver\www\catalogo\wp-includes\class-wp-hook.php(307): do_shortcode('[yith_ywraq_req...')
#9 D:\Wampserver\www\catalogo\wp-includes\plugin.php(191): WP_Hook->apply_filters('[yith_ywraq_req...', Array)
#10 D:\Wampserver\www\catalogo\wp-includes\post-template.php(253): apply_filters('the_content', '[yith_ywraq_req...')
#11 D:\Wampserver\www\catalogo\wp-content\themes\storefront\inc\storefront-template-functions.php(352): the_content()
#12 D:\Wampserver\www\catalogo\wp-includes\class-wp-hook.php(307): storefront_page_content('')
#13 D:\Wampserver\www\catalogo\wp-includes\class-wp-hook.php(331): WP_Hook->apply_filters(NULL, Array)
#14 D:\Wampserver\www\catalogo\wp-includes\plugin.php(476): WP_Hook->do_action(Array)
#15 D:\Wampserver\www\catalogo\wp-content\themes\storefront\content-page.php(18): do_action('storefront_page')
#16 D:\Wampserver\www\catalogo\wp-includes\template.php(772): require('D:\\Wampserver\\w...')
#17 D:\Wampserver\www\catalogo\wp-includes\template.php(716): load_template('D:\\Wampserver\\w...', false, Array)
#18 D:\Wampserver\www\catalogo\wp-includes\general-template.php(204): locate_template(Array, true, false, Array)
#19 D:\Wampserver\www\catalogo\wp-content\themes\storefront\page.php(24): get_template_part('content', 'page')
#20 D:\Wampserver\www\catalogo\wp-includes\template-loader.php(106): include('D:\\Wampserver\\w...')
#21 D:\Wampserver\www\catalogo\wp-blog-header.php(19): require_once('D:\\Wampserver\\w...')
#22 D:\Wampserver\www\catalogo\index.php(17): require('D:\\Wampserver\\w...')
#23 {main}
  thrown en D:\Wampserver\www\catalogo\wp-content\plugins\woocommerce\includes\class-wc-cart.php en la línea 2032

2022-08-16T04:28:32+00:00 CRITICAL Uncaught TypeError: Unsupported operand types: string * int in D:\Wampserver\www\catalogo\wp-content\plugins\woocommerce\includes\class-wc-cart.php:2032
Stack trace:
#0 D:\Wampserver\www\catalogo\wp-content\plugins\yith-woocommerce-request-a-quote\templates\request-quote-view.php(156): WC_Cart->get_product_subtotal(Object(WC_Product_Simple), 1)
#1 D:\Wampserver\www\catalogo\wp-content\plugins\woocommerce\includes\wc-core-functions.php(345): include('D:\\Wampserver\\w...')
#2 D:\Wampserver\www\catalogo\wp-content\plugins\yith-woocommerce-request-a-quote\templates\request-quote.php(26): wc_get_template('request-quote-v...', Array, '', 'D:\\Wampserver\\w...')
#3 D:\Wampserver\www\catalogo\wp-content\plugins\woocommerce\includes\wc-core-functions.php(345): include('D:\\Wampserver\\w...')
#4 D:\Wampserver\www\catalogo\wp-content\plugins\yith-woocommerce-request-a-quote\includes\class.yith-ywraq-shortcodes.php(46): wc_get_template('request-quote.p...', Array, '', 'D:\\Wampserver\\w...')
#5 D:\Wampserver\www\catalogo\wp-includes\shortcodes.php(356): YITH_YWRAQ_Shortcodes->request_quote_list('', '', 'yith_ywraq_requ...')
#6 [internal function]: do_shortcode_tag(Array)
#7 D:\Wampserver\www\catalogo\wp-includes\shortcodes.php(228): preg_replace_callback('/\\[(\\[?)(yith_y...', 'do_shortcode_ta...', '[yith_ywraq_req...')
#8 D:\Wampserver\www\catalogo\wp-includes\class-wp-hook.php(307): do_shortcode('[yith_ywraq_req...')
#9 D:\Wampserver\www\catalogo\wp-includes\plugin.php(191): WP_Hook->apply_filters('[yith_ywraq_req...', Array)
#10 D:\Wampserver\www\catalogo\wp-includes\post-template.php(253): apply_filters('the_content', '<!-- wp:shortco...')
#11 D:\Wampserver\www\catalogo\wp-content\themes\storefront\inc\storefront-template-functions.php(352): the_content()
#12 D:\Wampserver\www\catalogo\wp-includes\class-wp-hook.php(307): storefront_page_content('')
#13 D:\Wampserver\www\catalogo\wp-includes\class-wp-hook.php(331): WP_Hook->apply_filters(NULL, Array)
#14 D:\Wampserver\www\catalogo\wp-includes\plugin.php(476): WP_Hook->do_action(Array)
#15 D:\Wampserver\www\catalogo\wp-content\themes\storefront\content-page.php(18): do_action('storefront_page')
#16 D:\Wampserver\www\catalogo\wp-includes\template.php(772): require('D:\\Wampserver\\w...')
#17 D:\Wampserver\www\catalogo\wp-includes\template.php(716): load_template('D:\\Wampserver\\w...', false, Array)
#18 D:\Wampserver\www\catalogo\wp-includes\general-template.php(204): locate_template(Array, true, false, Array)
#19 D:\Wampserver\www\catalogo\wp-content\themes\storefront\page.php(24): get_template_part('content', 'page')
#20 D:\Wampserver\www\catalogo\wp-includes\template-loader.php(106): include('D:\\Wampserver\\w...')
#21 D:\Wampserver\www\catalogo\wp-blog-header.php(19): require_once('D:\\Wampserver\\w...')
#22 D:\Wampserver\www\catalogo\index.php(17): require('D:\\Wampserver\\w...')
#23 {main}
  thrown en D:\Wampserver\www\catalogo\wp-content\plugins\woocommerce\includes\class-wc-cart.php en la línea 2032

2022-08-16T04:32:46+00:00 CRITICAL Uncaught TypeError: Unsupported operand types: string * int in D:\Wampserver\www\catalogo\wp-content\plugins\woocommerce\includes\class-wc-cart.php:2032
Stack trace:
#0 D:\Wampserver\www\catalogo\wp-content\plugins\yith-woocommerce-request-a-quote\templates\request-quote-view.php(156): WC_Cart->get_product_subtotal(Object(WC_Product_Simple), 1)
#1 D:\Wampserver\www\catalogo\wp-content\plugins\woocommerce\includes\wc-core-functions.php(345): include('D:\\Wampserver\\w...')
#2 D:\Wampserver\www\catalogo\wp-content\plugins\yith-woocommerce-request-a-quote\templates\request-quote.php(26): wc_get_template('request-quote-v...', Array, '', 'D:\\Wampserver\\w...')
#3 D:\Wampserver\www\catalogo\wp-content\plugins\woocommerce\includes\wc-core-functions.php(345): include('D:\\Wampserver\\w...')
#4 D:\Wampserver\www\catalogo\wp-content\plugins\yith-woocommerce-request-a-quote\includes\class.yith-ywraq-shortcodes.php(46): wc_get_template('request-quote.p...', Array, '', 'D:\\Wampserver\\w...')
#5 D:\Wampserver\www\catalogo\wp-includes\shortcodes.php(356): YITH_YWRAQ_Shortcodes->request_quote_list('', '', 'yith_ywraq_requ...')
#6 [internal function]: do_shortcode_tag(Array)
#7 D:\Wampserver\www\catalogo\wp-includes\shortcodes.php(228): preg_replace_callback('/\\[(\\[?)(yith_y...', 'do_shortcode_ta...', '[yith_ywraq_req...')
#8 D:\Wampserver\www\catalogo\wp-includes\class-wp-hook.php(307): do_shortcode('[yith_ywraq_req...')
#9 D:\Wampserver\www\catalogo\wp-includes\plugin.php(191): WP_Hook->apply_filters('[yith_ywraq_req...', Array)
#10 D:\Wampserver\www\catalogo\wp-includes\post-template.php(253): apply_filters('the_content', '<!-- wp:shortco...')
#11 D:\Wampserver\www\catalogo\wp-content\themes\storefront\inc\storefront-template-functions.php(352): the_content()
#12 D:\Wampserver\www\catalogo\wp-includes\class-wp-hook.php(307): storefront_page_content('')
#13 D:\Wampserver\www\catalogo\wp-includes\class-wp-hook.php(331): WP_Hook->apply_filters(NULL, Array)
#14 D:\Wampserver\www\catalogo\wp-includes\plugin.php(476): WP_Hook->do_action(Array)
#15 D:\Wampserver\www\catalogo\wp-content\themes\storefront\content-page.php(18): do_action('storefront_page')
#16 D:\Wampserver\www\catalogo\wp-includes\template.php(772): require('D:\\Wampserver\\w...')
#17 D:\Wampserver\www\catalogo\wp-includes\template.php(716): load_template('D:\\Wampserver\\w...', false, Array)
#18 D:\Wampserver\www\catalogo\wp-includes\general-template.php(204): locate_template(Array, true, false, Array)
#19 D:\Wampserver\www\catalogo\wp-content\themes\storefront\page.php(24): get_template_part('content', 'page')
#20 D:\Wampserver\www\catalogo\wp-includes\template-loader.php(106): include('D:\\Wampserver\\w...')
#21 D:\Wampserver\www\catalogo\wp-blog-header.php(19): require_once('D:\\Wampserver\\w...')
#22 D:\Wampserver\www\catalogo\index.php(17): require('D:\\Wampserver\\w...')
#23 {main}
  thrown en D:\Wampserver\www\catalogo\wp-content\plugins\woocommerce\includes\class-wc-cart.php en la línea 2032

2022-08-16T04:32:51+00:00 CRITICAL Uncaught TypeError: Unsupported operand types: string * int in D:\Wampserver\www\catalogo\wp-content\plugins\woocommerce\includes\class-wc-cart.php:2032
Stack trace:
#0 D:\Wampserver\www\catalogo\wp-content\plugins\yith-woocommerce-request-a-quote\templates\request-quote-view.php(156): WC_Cart->get_product_subtotal(Object(WC_Product_Simple), 1)
#1 D:\Wampserver\www\catalogo\wp-content\plugins\woocommerce\includes\wc-core-functions.php(345): include('D:\\Wampserver\\w...')
#2 D:\Wampserver\www\catalogo\wp-content\plugins\yith-woocommerce-request-a-quote\templates\request-quote.php(26): wc_get_template('request-quote-v...', Array, '', 'D:\\Wampserver\\w...')
#3 D:\Wampserver\www\catalogo\wp-content\plugins\woocommerce\includes\wc-core-functions.php(345): include('D:\\Wampserver\\w...')
#4 D:\Wampserver\www\catalogo\wp-content\plugins\yith-woocommerce-request-a-quote\includes\class.yith-ywraq-shortcodes.php(46): wc_get_template('request-quote.p...', Array, '', 'D:\\Wampserver\\w...')
#5 D:\Wampserver\www\catalogo\wp-includes\shortcodes.php(356): YITH_YWRAQ_Shortcodes->request_quote_list('', '', 'yith_ywraq_requ...')
#6 [internal function]: do_shortcode_tag(Array)
#7 D:\Wampserver\www\catalogo\wp-includes\shortcodes.php(228): preg_replace_callback('/\\[(\\[?)(yith_y...', 'do_shortcode_ta...', '[yith_ywraq_req...')
#8 D:\Wampserver\www\catalogo\wp-includes\class-wp-hook.php(307): do_shortcode('[yith_ywraq_req...')
#9 D:\Wampserver\www\catalogo\wp-includes\plugin.php(191): WP_Hook->apply_filters('[yith_ywraq_req...', Array)
#10 D:\Wampserver\www\catalogo\wp-includes\post-template.php(253): apply_filters('the_content', '<!-- wp:shortco...')
#11 D:\Wampserver\www\catalogo\wp-content\themes\storefront\inc\storefront-template-functions.php(352): the_content()
#12 D:\Wampserver\www\catalogo\wp-includes\class-wp-hook.php(307): storefront_page_content('')
#13 D:\Wampserver\www\catalogo\wp-includes\class-wp-hook.php(331): WP_Hook->apply_filters(NULL, Array)
#14 D:\Wampserver\www\catalogo\wp-includes\plugin.php(476): WP_Hook->do_action(Array)
#15 D:\Wampserver\www\catalogo\wp-content\themes\storefront\content-page.php(18): do_action('storefront_page')
#16 D:\Wampserver\www\catalogo\wp-includes\template.php(772): require('D:\\Wampserver\\w...')
#17 D:\Wampserver\www\catalogo\wp-includes\template.php(716): load_template('D:\\Wampserver\\w...', false, Array)
#18 D:\Wampserver\www\catalogo\wp-includes\general-template.php(204): locate_template(Array, true, false, Array)
#19 D:\Wampserver\www\catalogo\wp-content\themes\storefront\page.php(24): get_template_part('content', 'page')
#20 D:\Wampserver\www\catalogo\wp-includes\template-loader.php(106): include('D:\\Wampserver\\w...')
#21 D:\Wampserver\www\catalogo\wp-blog-header.php(19): require_once('D:\\Wampserver\\w...')
#22 D:\Wampserver\www\catalogo\index.php(17): require('D:\\Wampserver\\w...')
#23 {main}
  thrown en D:\Wampserver\www\catalogo\wp-content\plugins\woocommerce\includes\class-wc-cart.php en la línea 2032

2022-08-16T04:36:13+00:00 CRITICAL Uncaught TypeError: Unsupported operand types: string * int in D:\Wampserver\www\catalogo\wp-content\plugins\woocommerce\includes\class-wc-cart.php:2032
Stack trace:
#0 D:\Wampserver\www\catalogo\wp-content\plugins\yith-woocommerce-request-a-quote\templates\request-quote-view.php(156): WC_Cart->get_product_subtotal(Object(WC_Product_Simple), 1)
#1 D:\Wampserver\www\catalogo\wp-content\plugins\woocommerce\includes\wc-core-functions.php(345): include('D:\\Wampserver\\w...')
#2 D:\Wampserver\www\catalogo\wp-content\plugins\yith-woocommerce-request-a-quote\templates\request-quote.php(26): wc_get_template('request-quote-v...', Array, '', 'D:\\Wampserver\\w...')
#3 D:\Wampserver\www\catalogo\wp-content\plugins\woocommerce\includes\wc-core-functions.php(345): include('D:\\Wampserver\\w...')
#4 D:\Wampserver\www\catalogo\wp-content\plugins\yith-woocommerce-request-a-quote\includes\class.yith-ywraq-shortcodes.php(46): wc_get_template('request-quote.p...', Array, '', 'D:\\Wampserver\\w...')
#5 D:\Wampserver\www\catalogo\wp-includes\shortcodes.php(356): YITH_YWRAQ_Shortcodes->request_quote_list('', '', 'yith_ywraq_requ...')
#6 [internal function]: do_shortcode_tag(Array)
#7 D:\Wampserver\www\catalogo\wp-includes\shortcodes.php(228): preg_replace_callback('/\\[(\\[?)(yith_y...', 'do_shortcode_ta...', '[yith_ywraq_req...')
#8 D:\Wampserver\www\catalogo\wp-includes\class-wp-hook.php(307): do_shortcode('[yith_ywraq_req...')
#9 D:\Wampserver\www\catalogo\wp-includes\plugin.php(191): WP_Hook->apply_filters('[yith_ywraq_req...', Array)
#10 D:\Wampserver\www\catalogo\wp-includes\post-template.php(253): apply_filters('the_content', '<!-- wp:shortco...')
#11 D:\Wampserver\www\catalogo\wp-content\themes\storefront\inc\storefront-template-functions.php(352): the_content()
#12 D:\Wampserver\www\catalogo\wp-includes\class-wp-hook.php(307): storefront_page_content('')
#13 D:\Wampserver\www\catalogo\wp-includes\class-wp-hook.php(331): WP_Hook->apply_filters(NULL, Array)
#14 D:\Wampserver\www\catalogo\wp-includes\plugin.php(476): WP_Hook->do_action(Array)
#15 D:\Wampserver\www\catalogo\wp-content\themes\storefront\content-page.php(18): do_action('storefront_page')
#16 D:\Wampserver\www\catalogo\wp-includes\template.php(772): require('D:\\Wampserver\\w...')
#17 D:\Wampserver\www\catalogo\wp-includes\template.php(716): load_template('D:\\Wampserver\\w...', false, Array)
#18 D:\Wampserver\www\catalogo\wp-includes\general-template.php(204): locate_template(Array, true, false, Array)
#19 D:\Wampserver\www\catalogo\wp-content\themes\storefront\page.php(24): get_template_part('content', 'page')
#20 D:\Wampserver\www\catalogo\wp-includes\template-loader.php(106): include('D:\\Wampserver\\w...')
#21 D:\Wampserver\www\catalogo\wp-blog-header.php(19): require_once('D:\\Wampserver\\w...')
#22 D:\Wampserver\www\catalogo\index.php(17): require('D:\\Wampserver\\w...')
#23 {main}
  thrown en D:\Wampserver\www\catalogo\wp-content\plugins\woocommerce\includes\class-wc-cart.php en la línea 2032

2022-08-16T04:37:06+00:00 CRITICAL Uncaught TypeError: Unsupported operand types: string * int in D:\Wampserver\www\catalogo\wp-content\plugins\woocommerce\includes\class-wc-cart.php:2032
Stack trace:
#0 D:\Wampserver\www\catalogo\wp-content\plugins\yith-woocommerce-request-a-quote\templates\request-quote-view.php(156): WC_Cart->get_product_subtotal(Object(WC_Product_Simple), 1)
#1 D:\Wampserver\www\catalogo\wp-content\plugins\woocommerce\includes\wc-core-functions.php(345): include('D:\\Wampserver\\w...')
#2 D:\Wampserver\www\catalogo\wp-content\plugins\yith-woocommerce-request-a-quote\templates\request-quote.php(26): wc_get_template('request-quote-v...', Array, '', 'D:\\Wampserver\\w...')
#3 D:\Wampserver\www\catalogo\wp-content\plugins\woocommerce\includes\wc-core-functions.php(345): include('D:\\Wampserver\\w...')
#4 D:\Wampserver\www\catalogo\wp-content\plugins\yith-woocommerce-request-a-quote\includes\class.yith-ywraq-shortcodes.php(46): wc_get_template('request-quote.p...', Array, '', 'D:\\Wampserver\\w...')
#5 D:\Wampserver\www\catalogo\wp-includes\shortcodes.php(356): YITH_YWRAQ_Shortcodes->request_quote_list('', '', 'yith_ywraq_requ...')
#6 [internal function]: do_shortcode_tag(Array)
#7 D:\Wampserver\www\catalogo\wp-includes\shortcodes.php(228): preg_replace_callback('/\\[(\\[?)(yith_y...', 'do_shortcode_ta...', '[yith_ywraq_req...')
#8 D:\Wampserver\www\catalogo\wp-includes\class-wp-hook.php(307): do_shortcode('[yith_ywraq_req...')
#9 D:\Wampserver\www\catalogo\wp-includes\plugin.php(191): WP_Hook->apply_filters('[yith_ywraq_req...', Array)
#10 D:\Wampserver\www\catalogo\wp-includes\post-template.php(253): apply_filters('the_content', '<!-- wp:shortco...')
#11 D:\Wampserver\www\catalogo\wp-content\themes\storefront\inc\storefront-template-functions.php(352): the_content()
#12 D:\Wampserver\www\catalogo\wp-includes\class-wp-hook.php(307): storefront_page_content('')
#13 D:\Wampserver\www\catalogo\wp-includes\class-wp-hook.php(331): WP_Hook->apply_filters(NULL, Array)
#14 D:\Wampserver\www\catalogo\wp-includes\plugin.php(476): WP_Hook->do_action(Array)
#15 D:\Wampserver\www\catalogo\wp-content\themes\storefront\content-page.php(18): do_action('storefront_page')
#16 D:\Wampserver\www\catalogo\wp-includes\template.php(772): require('D:\\Wampserver\\w...')
#17 D:\Wampserver\www\catalogo\wp-includes\template.php(716): load_template('D:\\Wampserver\\w...', false, Array)
#18 D:\Wampserver\www\catalogo\wp-includes\general-template.php(204): locate_template(Array, true, false, Array)
#19 D:\Wampserver\www\catalogo\wp-content\themes\storefront\template-fullwidth.php(21): get_template_part('content', 'page')
#20 D:\Wampserver\www\catalogo\wp-includes\template-loader.php(106): include('D:\\Wampserver\\w...')
#21 D:\Wampserver\www\catalogo\wp-blog-header.php(19): require_once('D:\\Wampserver\\w...')
#22 D:\Wampserver\www\catalogo\index.php(17): require('D:\\Wampserver\\w...')
#23 {main}
  thrown en D:\Wampserver\www\catalogo\wp-content\plugins\woocommerce\includes\class-wc-cart.php en la línea 2032

2022-08-16T04:37:47+00:00 CRITICAL Uncaught TypeError: Unsupported operand types: string * int in D:\Wampserver\www\catalogo\wp-content\plugins\woocommerce\includes\class-wc-cart.php:2032
Stack trace:
#0 D:\Wampserver\www\catalogo\wp-content\plugins\yith-woocommerce-request-a-quote\templates\request-quote-view.php(156): WC_Cart->get_product_subtotal(Object(WC_Product_Simple), 1)
#1 D:\Wampserver\www\catalogo\wp-content\plugins\woocommerce\includes\wc-core-functions.php(345): include('D:\\Wampserver\\w...')
#2 D:\Wampserver\www\catalogo\wp-content\plugins\yith-woocommerce-request-a-quote\templates\request-quote.php(26): wc_get_template('request-quote-v...', Array, '', 'D:\\Wampserver\\w...')
#3 D:\Wampserver\www\catalogo\wp-content\plugins\woocommerce\includes\wc-core-functions.php(345): include('D:\\Wampserver\\w...')
#4 D:\Wampserver\www\catalogo\wp-content\plugins\yith-woocommerce-request-a-quote\includes\class.yith-ywraq-shortcodes.php(46): wc_get_template('request-quote.p...', Array, '', 'D:\\Wampserver\\w...')
#5 D:\Wampserver\www\catalogo\wp-includes\shortcodes.php(356): YITH_YWRAQ_Shortcodes->request_quote_list('', '', 'yith_ywraq_requ...')
#6 [internal function]: do_shortcode_tag(Array)
#7 D:\Wampserver\www\catalogo\wp-includes\shortcodes.php(228): preg_replace_callback('/\\[(\\[?)(yith_y...', 'do_shortcode_ta...', '[yith_ywraq_req...')
#8 D:\Wampserver\www\catalogo\wp-includes\class-wp-hook.php(307): do_shortcode('[yith_ywraq_req...')
#9 D:\Wampserver\www\catalogo\wp-includes\plugin.php(191): WP_Hook->apply_filters('[yith_ywraq_req...', Array)
#10 D:\Wampserver\www\catalogo\wp-includes\post-template.php(253): apply_filters('the_content', '<!-- wp:shortco...')
#11 D:\Wampserver\www\catalogo\wp-content\themes\storefront\inc\storefront-template-functions.php(352): the_content()
#12 D:\Wampserver\www\catalogo\wp-includes\class-wp-hook.php(307): storefront_page_content('')
#13 D:\Wampserver\www\catalogo\wp-includes\class-wp-hook.php(331): WP_Hook->apply_filters(NULL, Array)
#14 D:\Wampserver\www\catalogo\wp-includes\plugin.php(476): WP_Hook->do_action(Array)
#15 D:\Wampserver\www\catalogo\wp-content\themes\storefront\content-page.php(18): do_action('storefront_page')
#16 D:\Wampserver\www\catalogo\wp-includes\template.php(772): require('D:\\Wampserver\\w...')
#17 D:\Wampserver\www\catalogo\wp-includes\template.php(716): load_template('D:\\Wampserver\\w...', false, Array)
#18 D:\Wampserver\www\catalogo\wp-includes\general-template.php(204): locate_template(Array, true, false, Array)
#19 D:\Wampserver\www\catalogo\wp-content\themes\storefront\template-fullwidth.php(21): get_template_part('content', 'page')
#20 D:\Wampserver\www\catalogo\wp-includes\template-loader.php(106): include('D:\\Wampserver\\w...')
#21 D:\Wampserver\www\catalogo\wp-blog-header.php(19): require_once('D:\\Wampserver\\w...')
#22 D:\Wampserver\www\catalogo\index.php(17): require('D:\\Wampserver\\w...')
#23 {main}
  thrown en D:\Wampserver\www\catalogo\wp-content\plugins\woocommerce\includes\class-wc-cart.php en la línea 2032

